{"t":{"$date":"2025-05-17T06:54:47.059+00:00"},"s":"I",  "c":"CONTROL",  "id":23285,   "ctx":"main","msg":"Automatically disabling TLS 1.0, to force-enable TLS 1.0 specify --sslDisabledProtocols 'none'"}
{"t":{"$date":"2025-05-17T06:54:47.065+00:00"},"s":"I",  "c":"NETWORK",  "id":4915701, "ctx":"main","msg":"Initialized wire specification","attr":{"spec":{"incomingExternalClient":{"minWireVersion":0,"maxWireVersion":21},"incomingInternalClient":{"minWireVersion":0,"maxWireVersion":21},"outgoing":{"minWireVersion":6,"maxWireVersion":21},"isInternalClient":true}}}
{"t":{"$date":"2025-05-17T06:54:47.066+00:00"},"s":"I",  "c":"NETWORK",  "id":4648601, "ctx":"main","msg":"Implicit TCP FastOpen unavailable. If TCP FastOpen is required, set tcpFastOpenServer, tcpFastOpenClient, and tcpFastOpenQueueSize."}
{"t":{"$date":"2025-05-17T06:54:47.067+00:00"},"s":"I",  "c":"REPL",     "id":5123008, "ctx":"main","msg":"Successfully registered PrimaryOnlyService","attr":{"service":"TenantMigrationDonorService","namespace":"config.tenantMigrationDonors"}}
{"t":{"$date":"2025-05-17T06:54:47.067+00:00"},"s":"I",  "c":"REPL",     "id":5123008, "ctx":"main","msg":"Successfully registered PrimaryOnlyService","attr":{"service":"TenantMigrationRecipientService","namespace":"config.tenantMigrationRecipients"}}
{"t":{"$date":"2025-05-17T06:54:47.067+00:00"},"s":"I",  "c":"CONTROL",  "id":5945603, "ctx":"main","msg":"Multi threading initialized"}
{"t":{"$date":"2025-05-17T06:54:47.067+00:00"},"s":"I",  "c":"TENANT_M", "id":7091600, "ctx":"main","msg":"Starting TenantMigrationAccessBlockerRegistry"}
{"t":{"$date":"2025-05-17T06:54:47.068+00:00"},"s":"I",  "c":"CONTROL",  "id":4615611, "ctx":"initandlisten","msg":"MongoDB starting","attr":{"pid":19104,"port":27017,"dbPath":"/mnt/data/db","architecture":"64-bit","host":"ip-10-188-1-173.us-west-2.compute.internal"}}
{"t":{"$date":"2025-05-17T06:54:47.068+00:00"},"s":"I",  "c":"CONTROL",  "id":23403,   "ctx":"initandlisten","msg":"Build Info","attr":{"buildInfo":{"version":"7.0.19-13","gitVersion":"008568cb3a578a5e14c31ee6ac4e46c5c904a8bd","openSSLVersion":"OpenSSL 1.1.1 FIPS  11 Sep 2018","modules":[],"proFeatures":["FIPSMode","FCBIS"],"allocator":"tcmalloc","environment":{"distarch":"x86_64","target_arch":"x86_64"}}}}
{"t":{"$date":"2025-05-17T06:54:47.068+00:00"},"s":"I",  "c":"CONTROL",  "id":51765,   "ctx":"initandlisten","msg":"Operating System","attr":{"os":{"name":"Red Hat Enterprise Linux release 8.0 (Ootpa)","version":"Kernel 4.18.0-80.4.2.el8_0.x86_64"}}}
{"t":{"$date":"2025-05-17T06:54:47.068+00:00"},"s":"I",  "c":"CONTROL",  "id":21951,   "ctx":"initandlisten","msg":"Options set by command line","attr":{"options":{"config":"/etc/mongod.conf","net":{"bindIp":"0.0.0.0","port":27017},"processManagement":{"fork":true,"pidFilePath":"/var/run/mongod.pid"},"replication":{"replSetName":"rs"},"setParameter":{"initialSyncMethod":"fileCopyBased"},"storage":{"dbPath":"/mnt/data/db"},"systemLog":{"destination":"file","logAppend":true,"path":"/var/log/mongo/mongod.log"}}}}
{"t":{"$date":"2025-05-17T06:54:47.069+00:00"},"s":"I",  "c":"STORAGE",  "id":22315,   "ctx":"initandlisten","msg":"Opening WiredTiger","attr":{"config":"create,cache_size=7278M,session_max=33000,eviction=(threads_min=4,threads_max=4),config_base=false,statistics=(fast),log=(enabled=true,remove=true,path=journal,compressor=snappy),builtin_extension_config=(zstd=(compression_level=6)),file_manager=(close_idle_time=600,close_scan_interval=10,close_handle_minimum=2000),statistics_log=(wait=0),json_output=(error,message),verbose=[recovery_progress:1,checkpoint_progress:1,compact_progress:1,backup:0,checkpoint:0,compact:0,evict:0,history_store:0,recovery:0,rts:0,salvage:0,tiered:0,timestamp:0,transaction:0,verify:0,log:0],"}}
{"t":{"$date":"2025-05-17T06:54:47.595+00:00"},"s":"I",  "c":"WTRECOV",  "id":22430,   "ctx":"initandlisten","msg":"WiredTiger message","attr":{"message":{"ts_sec":1747464887,"ts_usec":594996,"thread":"19104:0x7f61985cbc00","session_name":"txn-recover","category":"WT_VERB_RECOVERY_PROGRESS","category_id":30,"verbose_level":"DEBUG_1","verbose_level_id":1,"msg":"recovery log replay has successfully finished and ran for 0 milliseconds"}}}
{"t":{"$date":"2025-05-17T06:54:47.595+00:00"},"s":"I",  "c":"WTRECOV",  "id":22430,   "ctx":"initandlisten","msg":"WiredTiger message","attr":{"message":{"ts_sec":1747464887,"ts_usec":595094,"thread":"19104:0x7f61985cbc00","session_name":"txn-recover","category":"WT_VERB_RECOVERY_PROGRESS","category_id":30,"verbose_level":"DEBUG_1","verbose_level_id":1,"msg":"Set global recovery timestamp: (0, 0)"}}}
{"t":{"$date":"2025-05-17T06:54:47.595+00:00"},"s":"I",  "c":"WTRECOV",  "id":22430,   "ctx":"initandlisten","msg":"WiredTiger message","attr":{"message":{"ts_sec":1747464887,"ts_usec":595114,"thread":"19104:0x7f61985cbc00","session_name":"txn-recover","category":"WT_VERB_RECOVERY_PROGRESS","category_id":30,"verbose_level":"DEBUG_1","verbose_level_id":1,"msg":"Set global oldest timestamp: (0, 0)"}}}
{"t":{"$date":"2025-05-17T06:54:47.595+00:00"},"s":"I",  "c":"WTRECOV",  "id":22430,   "ctx":"initandlisten","msg":"WiredTiger message","attr":{"message":{"ts_sec":1747464887,"ts_usec":595141,"thread":"19104:0x7f61985cbc00","session_name":"txn-recover","category":"WT_VERB_RECOVERY_PROGRESS","category_id":30,"verbose_level":"DEBUG_1","verbose_level_id":1,"msg":"recovery was completed successfully and took 0ms, including 0ms for the log replay, 0ms for the rollback to stable, and 0ms for the checkpoint."}}}
{"t":{"$date":"2025-05-17T06:54:47.598+00:00"},"s":"I",  "c":"STORAGE",  "id":4795906, "ctx":"initandlisten","msg":"WiredTiger opened","attr":{"durationMillis":529}}
{"t":{"$date":"2025-05-17T06:54:47.598+00:00"},"s":"I",  "c":"RECOVERY", "id":23987,   "ctx":"initandlisten","msg":"WiredTiger recoveryTimestamp","attr":{"recoveryTimestamp":{"$timestamp":{"t":0,"i":0}}}}
{"t":{"$date":"2025-05-17T06:54:47.603+00:00"},"s":"W",  "c":"CONTROL",  "id":22120,   "ctx":"initandlisten","msg":"Access control is not enabled for the database. Read and write access to data and configuration is unrestricted. You can use percona-server-mongodb-enable-auth.sh to fix it","tags":["startupWarnings"]}
{"t":{"$date":"2025-05-17T06:54:47.603+00:00"},"s":"W",  "c":"CONTROL",  "id":5123300, "ctx":"initandlisten","msg":"vm.max_map_count is too low","attr":{"currentValue":65530,"recommendedMinimum":102400,"maxConns":51200},"tags":["startupWarnings"]}
{"t":{"$date":"2025-05-17T06:54:47.603+00:00"},"s":"I",  "c":"REPL",     "id":5853300, "ctx":"initandlisten","msg":"current featureCompatibilityVersion value","attr":{"featureCompatibilityVersion":"unset","context":"startup"}}
{"t":{"$date":"2025-05-17T06:54:47.603+00:00"},"s":"I",  "c":"STORAGE",  "id":5071100, "ctx":"initandlisten","msg":"Clearing temp directory"}
{"t":{"$date":"2025-05-17T06:54:47.603+00:00"},"s":"I",  "c":"CONTROL",  "id":20536,   "ctx":"initandlisten","msg":"Flow Control is enabled on this deployment"}
{"t":{"$date":"2025-05-17T06:54:47.603+00:00"},"s":"I",  "c":"FTDC",     "id":20625,   "ctx":"initandlisten","msg":"Initializing full-time diagnostic data capture","attr":{"dataDirectory":"/mnt/data/db/diagnostic.data"}}
{"t":{"$date":"2025-05-17T06:54:47.605+00:00"},"s":"I",  "c":"REPL",     "id":40440,   "ctx":"initandlisten","msg":"Starting the TopologyVersionObserver"}
{"t":{"$date":"2025-05-17T06:54:47.605+00:00"},"s":"I",  "c":"REPL",     "id":40445,   "ctx":"TopologyVersionObserver","msg":"Started TopologyVersionObserver"}
{"t":{"$date":"2025-05-17T06:54:47.605+00:00"},"s":"I",  "c":"STORAGE",  "id":20320,   "ctx":"initandlisten","msg":"createCollection","attr":{"namespace":"local.startup_log","uuidDisposition":"generated","uuid":{"uuid":{"$uuid":"78246d74-a1ad-4473-8659-5d52215d9688"}},"options":{"capped":true,"size":10485760}}}
{"t":{"$date":"2025-05-17T06:54:47.609+00:00"},"s":"I",  "c":"INDEX",    "id":20345,   "ctx":"initandlisten","msg":"Index build: done building","attr":{"buildUUID":null,"collectionUUID":{"uuid":{"$uuid":"78246d74-a1ad-4473-8659-5d52215d9688"}},"namespace":"local.startup_log","index":"_id_","ident":"index-1-8153123385425524378","collectionIdent":"collection-0-8153123385425524378","commitTimestamp":null}}
{"t":{"$date":"2025-05-17T06:54:47.609+00:00"},"s":"I",  "c":"REPL",     "id":6015317, "ctx":"initandlisten","msg":"Setting new configuration state","attr":{"newState":"ConfigStartingUp","oldState":"ConfigPreStart"}}
{"t":{"$date":"2025-05-17T06:54:47.610+00:00"},"s":"I",  "c":"REPL",     "id":6005300, "ctx":"initandlisten","msg":"Starting up replica set aware services"}
{"t":{"$date":"2025-05-17T06:54:47.610+00:00"},"s":"I",  "c":"-",        "id":4939300, "ctx":"monitoring-keys-for-HMAC","msg":"Failed to refresh key cache","attr":{"error":"ReadConcernMajorityNotAvailableYet: Read concern majority reads are currently not possible.","nextWakeupMillis":200}}
{"t":{"$date":"2025-05-17T06:54:47.610+00:00"},"s":"I",  "c":"REPL",     "id":4280500, "ctx":"initandlisten","msg":"Attempting to create internal replication collections"}
{"t":{"$date":"2025-05-17T06:54:47.610+00:00"},"s":"I",  "c":"STORAGE",  "id":20320,   "ctx":"initandlisten","msg":"createCollection","attr":{"namespace":"local.replset.oplogTruncateAfterPoint","uuidDisposition":"generated","uuid":{"uuid":{"$uuid":"c19f3f8a-0cb3-45f8-ace2-bf6376ec86c3"}},"options":{}}}
{"t":{"$date":"2025-05-17T06:54:47.614+00:00"},"s":"I",  "c":"REPL",     "id":7360102, "ctx":"initandlisten","msg":"Added oplog entry for create to transaction","attr":{"namespace":"local.$cmd","uuid":{"uuid":{"$uuid":"c19f3f8a-0cb3-45f8-ace2-bf6376ec86c3"}},"object":{"create":"replset.oplogTruncateAfterPoint","idIndex":{"v":2,"key":{"_id":1},"name":"_id_"}}}}
{"t":{"$date":"2025-05-17T06:54:47.614+00:00"},"s":"I",  "c":"INDEX",    "id":20345,   "ctx":"initandlisten","msg":"Index build: done building","attr":{"buildUUID":null,"collectionUUID":{"uuid":{"$uuid":"c19f3f8a-0cb3-45f8-ace2-bf6376ec86c3"}},"namespace":"local.replset.oplogTruncateAfterPoint","index":"_id_","ident":"index-3-8153123385425524378","collectionIdent":"collection-2-8153123385425524378","commitTimestamp":null}}
{"t":{"$date":"2025-05-17T06:54:47.614+00:00"},"s":"I",  "c":"STORAGE",  "id":20320,   "ctx":"initandlisten","msg":"createCollection","attr":{"namespace":"local.replset.minvalid","uuidDisposition":"generated","uuid":{"uuid":{"$uuid":"fba39ef5-cb0c-4693-94ff-0b7125f6123c"}},"options":{}}}
{"t":{"$date":"2025-05-17T06:54:47.617+00:00"},"s":"I",  "c":"REPL",     "id":7360102, "ctx":"initandlisten","msg":"Added oplog entry for create to transaction","attr":{"namespace":"local.$cmd","uuid":{"uuid":{"$uuid":"fba39ef5-cb0c-4693-94ff-0b7125f6123c"}},"object":{"create":"replset.minvalid","idIndex":{"v":2,"key":{"_id":1},"name":"_id_"}}}}
{"t":{"$date":"2025-05-17T06:54:47.617+00:00"},"s":"I",  "c":"INDEX",    "id":20345,   "ctx":"initandlisten","msg":"Index build: done building","attr":{"buildUUID":null,"collectionUUID":{"uuid":{"$uuid":"fba39ef5-cb0c-4693-94ff-0b7125f6123c"}},"namespace":"local.replset.minvalid","index":"_id_","ident":"index-5-8153123385425524378","collectionIdent":"collection-4-8153123385425524378","commitTimestamp":null}}
{"t":{"$date":"2025-05-17T06:54:47.618+00:00"},"s":"I",  "c":"STORAGE",  "id":20320,   "ctx":"initandlisten","msg":"createCollection","attr":{"namespace":"local.replset.election","uuidDisposition":"generated","uuid":{"uuid":{"$uuid":"768dd05f-c9e2-414e-8603-bd45cfa6af31"}},"options":{}}}
{"t":{"$date":"2025-05-17T06:54:47.621+00:00"},"s":"I",  "c":"REPL",     "id":7360102, "ctx":"initandlisten","msg":"Added oplog entry for create to transaction","attr":{"namespace":"local.$cmd","uuid":{"uuid":{"$uuid":"768dd05f-c9e2-414e-8603-bd45cfa6af31"}},"object":{"create":"replset.election","idIndex":{"v":2,"key":{"_id":1},"name":"_id_"}}}}
{"t":{"$date":"2025-05-17T06:54:47.621+00:00"},"s":"I",  "c":"INDEX",    "id":20345,   "ctx":"initandlisten","msg":"Index build: done building","attr":{"buildUUID":null,"collectionUUID":{"uuid":{"$uuid":"768dd05f-c9e2-414e-8603-bd45cfa6af31"}},"namespace":"local.replset.election","index":"_id_","ident":"index-7-8153123385425524378","collectionIdent":"collection-6-8153123385425524378","commitTimestamp":null}}
{"t":{"$date":"2025-05-17T06:54:47.621+00:00"},"s":"I",  "c":"REPL",     "id":4280501, "ctx":"initandlisten","msg":"Attempting to load local voted for document"}
{"t":{"$date":"2025-05-17T06:54:47.621+00:00"},"s":"I",  "c":"REPL",     "id":21311,   "ctx":"initandlisten","msg":"Did not find local initialized voted for document at startup"}
{"t":{"$date":"2025-05-17T06:54:47.621+00:00"},"s":"I",  "c":"REPL",     "id":4280502, "ctx":"initandlisten","msg":"Searching for local Rollback ID document"}
{"t":{"$date":"2025-05-17T06:54:47.621+00:00"},"s":"I",  "c":"REPL",     "id":21312,   "ctx":"initandlisten","msg":"Did not find local Rollback ID document at startup. Creating one"}
{"t":{"$date":"2025-05-17T06:54:47.621+00:00"},"s":"I",  "c":"STORAGE",  "id":20320,   "ctx":"initandlisten","msg":"createCollection","attr":{"namespace":"local.system.rollback.id","uuidDisposition":"generated","uuid":{"uuid":{"$uuid":"ba06f717-4582-4864-979e-b9dc5d57794b"}},"options":{}}}
{"t":{"$date":"2025-05-17T06:54:47.625+00:00"},"s":"I",  "c":"REPL",     "id":7360102, "ctx":"initandlisten","msg":"Added oplog entry for create to transaction","attr":{"namespace":"local.$cmd","uuid":{"uuid":{"$uuid":"ba06f717-4582-4864-979e-b9dc5d57794b"}},"object":{"create":"system.rollback.id","idIndex":{"v":2,"key":{"_id":1},"name":"_id_"}}}}
{"t":{"$date":"2025-05-17T06:54:47.625+00:00"},"s":"I",  "c":"INDEX",    "id":20345,   "ctx":"initandlisten","msg":"Index build: done building","attr":{"buildUUID":null,"collectionUUID":{"uuid":{"$uuid":"ba06f717-4582-4864-979e-b9dc5d57794b"}},"namespace":"local.system.rollback.id","index":"_id_","ident":"index-9-8153123385425524378","collectionIdent":"collection-8-8153123385425524378","commitTimestamp":null}}
{"t":{"$date":"2025-05-17T06:54:47.625+00:00"},"s":"I",  "c":"REPL",     "id":21531,   "ctx":"initandlisten","msg":"Initialized the rollback ID","attr":{"rbid":1}}
{"t":{"$date":"2025-05-17T06:54:47.625+00:00"},"s":"I",  "c":"REPL",     "id":21313,   "ctx":"initandlisten","msg":"Did not find local replica set configuration document at startup","attr":{"error":{"code":47,"codeName":"NoMatchingDocument","errmsg":"Did not find replica set configuration document in local.system.replset"}}}
{"t":{"$date":"2025-05-17T06:54:47.625+00:00"},"s":"I",  "c":"REPL",     "id":6015317, "ctx":"initandlisten","msg":"Setting new configuration state","attr":{"newState":"ConfigUninitialized","oldState":"ConfigStartingUp"}}
{"t":{"$date":"2025-05-17T06:54:47.625+00:00"},"s":"I",  "c":"STORAGE",  "id":20320,   "ctx":"initandlisten","msg":"createCollection","attr":{"namespace":"local.system.views","uuidDisposition":"generated","uuid":{"uuid":{"$uuid":"b3fe2204-4b98-4aef-91cd-06837b24b99a"}},"options":{}}}
{"t":{"$date":"2025-05-17T06:54:47.628+00:00"},"s":"I",  "c":"REPL",     "id":7360102, "ctx":"initandlisten","msg":"Added oplog entry for create to transaction","attr":{"namespace":"local.$cmd","uuid":{"uuid":{"$uuid":"b3fe2204-4b98-4aef-91cd-06837b24b99a"}},"object":{"create":"system.views","idIndex":{"v":2,"key":{"_id":1},"name":"_id_"}}}}
{"t":{"$date":"2025-05-17T06:54:47.628+00:00"},"s":"I",  "c":"INDEX",    "id":20345,   "ctx":"initandlisten","msg":"Index build: done building","attr":{"buildUUID":null,"collectionUUID":{"uuid":{"$uuid":"b3fe2204-4b98-4aef-91cd-06837b24b99a"}},"namespace":"local.system.views","index":"_id_","ident":"index-11-8153123385425524378","collectionIdent":"collection-10-8153123385425524378","commitTimestamp":null}}
{"t":{"$date":"2025-05-17T06:54:47.629+00:00"},"s":"I",  "c":"STORAGE",  "id":22262,   "ctx":"initandlisten","msg":"Timestamp monitor starting"}
{"t":{"$date":"2025-05-17T06:54:47.629+00:00"},"s":"I",  "c":"QUERY",    "id":7080100, "ctx":"ChangeStreamExpiredPreImagesRemover","msg":"Starting Change Stream Expired Pre-images Remover thread"}
{"t":{"$date":"2025-05-17T06:54:47.630+00:00"},"s":"I",  "c":"CONTROL",  "id":20710,   "ctx":"LogicalSessionCacheRefresh","msg":"Failed to refresh session cache, will try again at the next refresh interval","attr":{"error":"NotYetInitialized: Replication has not yet been configured"}}
{"t":{"$date":"2025-05-17T06:54:47.630+00:00"},"s":"I",  "c":"CONTROL",  "id":20712,   "ctx":"LogicalSessionCacheReap","msg":"Sessions collection is not set up; waiting until next sessions reap interval","attr":{"error":"NamespaceNotFound: config.system.sessions does not exist"}}
{"t":{"$date":"2025-05-17T06:54:47.637+00:00"},"s":"I",  "c":"NETWORK",  "id":23015,   "ctx":"listener","msg":"Listening on","attr":{"address":"/tmp/mongodb-27017.sock"}}
{"t":{"$date":"2025-05-17T06:54:47.637+00:00"},"s":"I",  "c":"NETWORK",  "id":23015,   "ctx":"listener","msg":"Listening on","attr":{"address":"0.0.0.0"}}
{"t":{"$date":"2025-05-17T06:54:47.637+00:00"},"s":"I",  "c":"NETWORK",  "id":23016,   "ctx":"listener","msg":"Waiting for connections","attr":{"port":27017,"ssl":"off"}}
{"t":{"$date":"2025-05-17T06:54:47.637+00:00"},"s":"I",  "c":"CONTROL",  "id":8423403, "ctx":"initandlisten","msg":"mongod startup complete","attr":{"Summary of time elapsed":{"Startup from clean shutdown?":true,"Statistics":{"Transport layer setup":"0 ms","Run initial syncer crash recovery":"0 ms","Create storage engine lock file in the data directory":"0 ms","Get metadata describing storage engine":"0 ms","Create storage engine":"533 ms","Write current PID to file":"0 ms","Write a new metadata for storage engine":"0 ms","Initialize FCV before rebuilding indexes":"0 ms","Drop abandoned idents and get back indexes that need to be rebuilt or builds that need to be restarted":"0 ms","Rebuild indexes for collections":"0 ms","Build user and roles graph":"0 ms","Set up the background thread pool responsible for waiting for opTimes to be majority committed":"0 ms","Initialize information needed to make a mongod instance shard aware":"0 ms","Start up cluster time keys manager with a local/direct keys client":"0 ms","Start up the replication coordinator":"16 ms","Create an oplog view for tenant migrations":"4 ms","Start transport layer":"7 ms","_initAndListen total elapsed time":"569 ms"}}}}
{"t":{"$date":"2025-05-17T06:54:47.638+00:00"},"s":"I",  "c":"STORAGE",  "id":20320,   "ctx":"PerconaTelemetry","msg":"createCollection","attr":{"namespace":"local.percona.telemetry","uuidDisposition":"generated","uuid":{"uuid":{"$uuid":"dc42e9af-2495-45cf-8658-62c4e35ca4f6"}},"options":{}}}
{"t":{"$date":"2025-05-17T06:54:47.643+00:00"},"s":"I",  "c":"INDEX",    "id":20345,   "ctx":"PerconaTelemetry","msg":"Index build: done building","attr":{"buildUUID":null,"collectionUUID":{"uuid":{"$uuid":"dc42e9af-2495-45cf-8658-62c4e35ca4f6"}},"namespace":"local.percona.telemetry","index":"_id_","ident":"index-13-8153123385425524378","collectionIdent":"collection-12-8153123385425524378","commitTimestamp":null}}
{"t":{"$date":"2025-05-17T06:54:47.810+00:00"},"s":"I",  "c":"-",        "id":4939300, "ctx":"monitoring-keys-for-HMAC","msg":"Failed to refresh key cache","attr":{"error":"ReadConcernMajorityNotAvailableYet: Read concern majority reads are currently not possible.","nextWakeupMillis":400}}
{"t":{"$date":"2025-05-17T06:54:48.002+00:00"},"s":"W",  "c":"QUERY",    "id":23799,   "ctx":"ftdc","msg":"Aggregate command executor error","attr":{"error":{"code":26,"codeName":"NamespaceNotFound","errmsg":"Unable to retrieve storageStats in $collStats stage :: caused by :: Collection [local.oplog.rs] not found."},"stats":{},"cmd":{"aggregate":"oplog.rs","cursor":{},"pipeline":[{"$collStats":{"storageStats":{"waitForLock":false,"numericOnly":true}}}],"$db":"local"}}}
{"t":{"$date":"2025-05-17T06:54:48.211+00:00"},"s":"I",  "c":"-",        "id":4939300, "ctx":"monitoring-keys-for-HMAC","msg":"Failed to refresh key cache","attr":{"error":"ReadConcernMajorityNotAvailableYet: Read concern majority reads are currently not possible.","nextWakeupMillis":600}}
{"t":{"$date":"2025-05-17T06:54:48.811+00:00"},"s":"I",  "c":"-",        "id":4939300, "ctx":"monitoring-keys-for-HMAC","msg":"Failed to refresh key cache","attr":{"error":"ReadConcernMajorityNotAvailableYet: Read concern majority reads are currently not possible.","nextWakeupMillis":800}}
{"t":{"$date":"2025-05-17T06:54:49.001+00:00"},"s":"W",  "c":"QUERY",    "id":23799,   "ctx":"ftdc","msg":"Aggregate command executor error","attr":{"error":{"code":26,"codeName":"NamespaceNotFound","errmsg":"Unable to retrieve storageStats in $collStats stage :: caused by :: Collection [local.oplog.rs] not found."},"stats":{},"cmd":{"aggregate":"oplog.rs","cursor":{},"pipeline":[{"$collStats":{"storageStats":{"waitForLock":false,"numericOnly":true}}}],"$db":"local"}}}
{"t":{"$date":"2025-05-17T06:54:49.612+00:00"},"s":"I",  "c":"-",        "id":4939300, "ctx":"monitoring-keys-for-HMAC","msg":"Failed to refresh key cache","attr":{"error":"ReadConcernMajorityNotAvailableYet: Read concern majority reads are currently not possible.","nextWakeupMillis":1000}}
{"t":{"$date":"2025-05-17T06:54:50.001+00:00"},"s":"W",  "c":"QUERY",    "id":23799,   "ctx":"ftdc","msg":"Aggregate command executor error","attr":{"error":{"code":26,"codeName":"NamespaceNotFound","errmsg":"Unable to retrieve storageStats in $collStats stage :: caused by :: Collection [local.oplog.rs] not found."},"stats":{},"cmd":{"aggregate":"oplog.rs","cursor":{},"pipeline":[{"$collStats":{"storageStats":{"waitForLock":false,"numericOnly":true}}}],"$db":"local"}}}
{"t":{"$date":"2025-05-17T06:54:50.614+00:00"},"s":"I",  "c":"-",        "id":4939300, "ctx":"monitoring-keys-for-HMAC","msg":"Failed to refresh key cache","attr":{"error":"ReadConcernMajorityNotAvailableYet: Read concern majority reads are currently not possible.","nextWakeupMillis":1200}}
{"t":{"$date":"2025-05-17T06:54:51.001+00:00"},"s":"W",  "c":"QUERY",    "id":23799,   "ctx":"ftdc","msg":"Aggregate command executor error","attr":{"error":{"code":26,"codeName":"NamespaceNotFound","errmsg":"Unable to retrieve storageStats in $collStats stage :: caused by :: Collection [local.oplog.rs] not found."},"stats":{},"cmd":{"aggregate":"oplog.rs","cursor":{},"pipeline":[{"$collStats":{"storageStats":{"waitForLock":false,"numericOnly":true}}}],"$db":"local"}}}
{"t":{"$date":"2025-05-17T06:54:51.237+00:00"},"s":"I",  "c":"NETWORK",  "id":22943,   "ctx":"listener","msg":"Connection accepted","attr":{"remote":"10.188.1.61:58038","uuid":{"uuid":{"$uuid":"4f59fbff-e3fa-4f16-a309-68c42fc3bef5"}},"connectionId":1,"connectionCount":1}}
{"t":{"$date":"2025-05-17T06:54:51.238+00:00"},"s":"I",  "c":"NETWORK",  "id":51800,   "ctx":"conn1","msg":"client metadata","attr":{"remote":"10.188.1.61:58038","client":"conn1","negotiatedCompressors":["snappy","zstd","zlib"],"doc":{"driver":{"name":"NetworkInterfaceTL-ReplNetwork","version":"7.0.19-13"},"os":{"type":"Linux","name":"Red Hat Enterprise Linux release 8.0 (Ootpa)","architecture":"x86_64","version":"Kernel 4.18.0-80.4.2.el8_0.x86_64"}}}}
{"t":{"$date":"2025-05-17T06:54:51.238+00:00"},"s":"I",  "c":"NETWORK",  "id":6788700, "ctx":"conn1","msg":"Received first command on ingress connection since session start or auth handshake","attr":{"elapsedMillis":0}}
{"t":{"$date":"2025-05-17T06:54:51.238+00:00"},"s":"I",  "c":"REPL",     "id":21400,   "ctx":"conn1","msg":"Scheduling heartbeat to fetch a new config since we are not a member of our current config","attr":{"senderHost":"10.188.1.61:27017"}}
{"t":{"$date":"2025-05-17T06:54:51.239+00:00"},"s":"I",  "c":"CONNPOOL", "id":22576,   "ctx":"ReplNetwork","msg":"Connecting","attr":{"hostAndPort":"10.188.1.61:27017"}}
{"t":{"$date":"2025-05-17T06:54:51.740+00:00"},"s":"I",  "c":"REPL",     "id":21827,   "ctx":"ReplCoord-0","msg":"Updating term","attr":{"oldTerm":-1,"newTerm":0}}
{"t":{"$date":"2025-05-17T06:54:51.740+00:00"},"s":"I",  "c":"REPL",     "id":6015317, "ctx":"ReplCoord-0","msg":"Setting new configuration state","attr":{"newState":"ConfigHBReconfiguring","oldState":"ConfigUninitialized"}}
{"t":{"$date":"2025-05-17T06:54:51.741+00:00"},"s":"I",  "c":"STORAGE",  "id":20320,   "ctx":"ReplCoord-0","msg":"createCollection","attr":{"namespace":"local.system.replset","uuidDisposition":"generated","uuid":{"uuid":{"$uuid":"ac7a2d14-65fb-4ca4-b0c1-00cea69ae9c9"}},"options":{}}}
{"t":{"$date":"2025-05-17T06:54:51.745+00:00"},"s":"I",  "c":"REPL",     "id":7360102, "ctx":"ReplCoord-0","msg":"Added oplog entry for create to transaction","attr":{"namespace":"local.$cmd","uuid":{"uuid":{"$uuid":"ac7a2d14-65fb-4ca4-b0c1-00cea69ae9c9"}},"object":{"create":"system.replset","idIndex":{"v":2,"key":{"_id":1},"name":"_id_"}}}}
{"t":{"$date":"2025-05-17T06:54:51.745+00:00"},"s":"I",  "c":"INDEX",    "id":20345,   "ctx":"ReplCoord-0","msg":"Index build: done building","attr":{"buildUUID":null,"collectionUUID":{"uuid":{"$uuid":"ac7a2d14-65fb-4ca4-b0c1-00cea69ae9c9"}},"namespace":"local.system.replset","index":"_id_","ident":"index-15-8153123385425524378","collectionIdent":"collection-14-8153123385425524378","commitTimestamp":null}}
{"t":{"$date":"2025-05-17T06:54:51.746+00:00"},"s":"I",  "c":"REPL",     "id":6015317, "ctx":"ReplCoord-0","msg":"Setting new configuration state","attr":{"newState":"ConfigSteady","oldState":"ConfigHBReconfiguring"}}
{"t":{"$date":"2025-05-17T06:54:51.746+00:00"},"s":"I",  "c":"SHARDING", "id":7063400, "ctx":"ReplCoord-0","msg":"Updating implicit default writeConcern majority","attr":{"newImplicitDefaultWCMajority":true}}
{"t":{"$date":"2025-05-17T06:54:51.746+00:00"},"s":"I",  "c":"REPL",     "id":21392,   "ctx":"ReplCoord-0","msg":"New replica set config in use","attr":{"config":{"_id":"rs","version":1,"term":0,"members":[{"_id":0,"host":"10.188.1.61:27017","arbiterOnly":false,"buildIndexes":true,"hidden":false,"priority":1,"tags":{},"secondaryDelaySecs":0,"votes":1},{"_id":1,"host":"10.188.1.173:27017","arbiterOnly":false,"buildIndexes":true,"hidden":false,"priority":0.5,"tags":{},"secondaryDelaySecs":0,"votes":1},{"_id":2,"host":"10.188.1.78:27017","arbiterOnly":false,"buildIndexes":true,"hidden":false,"priority":0.5,"tags":{},"secondaryDelaySecs":0,"votes":1}],"protocolVersion":1,"writeConcernMajorityJournalDefault":true,"settings":{"chainingAllowed":true,"heartbeatIntervalMillis":2000,"heartbeatTimeoutSecs":10,"electionTimeoutMillis":10000,"catchUpTimeoutMillis":-1,"catchUpTakeoverDelayMillis":30000,"getLastErrorModes":{},"getLastErrorDefaults":{"w":1,"wtimeout":0},"replicaSetId":{"$oid":"682832bb0f468f15292f19dc"}}}}}
{"t":{"$date":"2025-05-17T06:54:51.746+00:00"},"s":"I",  "c":"REPL",     "id":21393,   "ctx":"ReplCoord-0","msg":"Found self in config","attr":{"hostAndPort":"10.188.1.173:27017"}}
{"t":{"$date":"2025-05-17T06:54:51.746+00:00"},"s":"I",  "c":"REPL",     "id":21358,   "ctx":"ReplCoord-0","msg":"Replica set state transition","attr":{"newState":"STARTUP2","oldState":"STARTUP"}}
{"t":{"$date":"2025-05-17T06:54:51.746+00:00"},"s":"I",  "c":"CONNPOOL", "id":22576,   "ctx":"ReplNetwork","msg":"Connecting","attr":{"hostAndPort":"10.188.1.78:27017"}}
{"t":{"$date":"2025-05-17T06:54:51.746+00:00"},"s":"I",  "c":"REPL",     "id":21306,   "ctx":"ReplCoord-0","msg":"Starting replication storage threads"}
{"t":{"$date":"2025-05-17T06:54:51.746+00:00"},"s":"I",  "c":"REPL",     "id":4280513, "ctx":"ReplCoord-0","msg":"Initial sync required. Attempting to start initial sync..."}
{"t":{"$date":"2025-05-17T06:54:51.746+00:00"},"s":"I",  "c":"REPL",     "id":4280514, "ctx":"ReplCoord-0","msg":"Initial sync started"}
{"t":{"$date":"2025-05-17T06:54:51.746+00:00"},"s":"I",  "c":"INITSYNC", "id":128423,  "ctx":"ReplCoordExtern-0","msg":"Starting initial sync attempt","attr":{"initialSyncAttempt":1,"initialSyncMaxAttempts":10}}
{"t":{"$date":"2025-05-17T06:54:51.746+00:00"},"s":"I",  "c":"REPL",     "id":21783,   "ctx":"ReplCoordExtern-0","msg":"Waiting for pings from other members before syncing","attr":{"pingsNeeded":4}}
{"t":{"$date":"2025-05-17T06:54:51.746+00:00"},"s":"I",  "c":"NETWORK",  "id":22943,   "ctx":"listener","msg":"Connection accepted","attr":{"remote":"10.188.1.78:57748","uuid":{"uuid":{"$uuid":"7ce4a8e6-5340-4f79-ab0b-5658cc660df3"}},"connectionId":4,"connectionCount":2}}
{"t":{"$date":"2025-05-17T06:54:51.747+00:00"},"s":"I",  "c":"REPL",     "id":21215,   "ctx":"ReplCoord-2","msg":"Member is in new state","attr":{"hostAndPort":"10.188.1.61:27017","newState":"SECONDARY"}}
{"t":{"$date":"2025-05-17T06:54:51.747+00:00"},"s":"I",  "c":"NETWORK",  "id":51800,   "ctx":"conn4","msg":"client metadata","attr":{"remote":"10.188.1.78:57748","client":"conn4","negotiatedCompressors":["snappy","zstd","zlib"],"doc":{"driver":{"name":"NetworkInterfaceTL-ReplNetwork","version":"7.0.19-13"},"os":{"type":"Linux","name":"Red Hat Enterprise Linux release 8.0 (Ootpa)","architecture":"x86_64","version":"Kernel 4.18.0-80.4.2.el8_0.x86_64"}}}}
{"t":{"$date":"2025-05-17T06:54:51.747+00:00"},"s":"I",  "c":"NETWORK",  "id":6788700, "ctx":"conn4","msg":"Received first command on ingress connection since session start or auth handshake","attr":{"elapsedMillis":0}}
{"t":{"$date":"2025-05-17T06:54:51.747+00:00"},"s":"I",  "c":"REPL",     "id":21215,   "ctx":"ReplCoord-0","msg":"Member is in new state","attr":{"hostAndPort":"10.188.1.78:27017","newState":"STARTUP2"}}
{"t":{"$date":"2025-05-17T06:54:51.748+00:00"},"s":"I",  "c":"NETWORK",  "id":22943,   "ctx":"listener","msg":"Connection accepted","attr":{"remote":"10.188.1.78:57750","uuid":{"uuid":{"$uuid":"32b66537-b9ff-4dad-a1c6-1609d87f20cd"}},"connectionId":6,"connectionCount":3}}
{"t":{"$date":"2025-05-17T06:54:51.748+00:00"},"s":"I",  "c":"NETWORK",  "id":51800,   "ctx":"conn6","msg":"client metadata","attr":{"remote":"10.188.1.78:57750","client":"conn6","negotiatedCompressors":["snappy","zstd","zlib"],"doc":{"driver":{"name":"NetworkInterfaceTL-ReplNetwork","version":"7.0.19-13"},"os":{"type":"Linux","name":"Red Hat Enterprise Linux release 8.0 (Ootpa)","architecture":"x86_64","version":"Kernel 4.18.0-80.4.2.el8_0.x86_64"}}}}
{"t":{"$date":"2025-05-17T06:54:51.815+00:00"},"s":"I",  "c":"-",        "id":4939300, "ctx":"monitoring-keys-for-HMAC","msg":"Failed to refresh key cache","attr":{"error":"InitialSyncActive: Cannot refresh keys collection cache during initial sync","nextWakeupMillis":1400}}
{"t":{"$date":"2025-05-17T06:54:52.001+00:00"},"s":"W",  "c":"QUERY",    "id":23799,   "ctx":"ftdc","msg":"Aggregate command executor error","attr":{"error":{"code":26,"codeName":"NamespaceNotFound","errmsg":"Unable to retrieve storageStats in $collStats stage :: caused by :: Collection [local.oplog.rs] not found."},"stats":{},"cmd":{"aggregate":"oplog.rs","cursor":{},"pipeline":[{"$collStats":{"storageStats":{"waitForLock":false,"numericOnly":true}}}],"$db":"local"}}}
{"t":{"$date":"2025-05-17T06:54:52.247+00:00"},"s":"I",  "c":"NETWORK",  "id":6788700, "ctx":"conn6","msg":"Received first command on ingress connection since session start or auth handshake","attr":{"elapsedMillis":499}}
{"t":{"$date":"2025-05-17T06:54:52.746+00:00"},"s":"I",  "c":"REPL",     "id":3873107, "ctx":"ReplCoordExtern-1","msg":"Cannot select sync source because it is not readable","attr":{"syncSourceCandidate":"10.188.1.78:27017"}}
{"t":{"$date":"2025-05-17T06:54:52.746+00:00"},"s":"I",  "c":"REPL",     "id":21799,   "ctx":"ReplCoordExtern-1","msg":"Sync source candidate chosen","attr":{"syncSource":"10.188.1.61:27017"}}
{"t":{"$date":"2025-05-17T06:54:52.746+00:00"},"s":"I",  "c":"CONNPOOL", "id":22576,   "ctx":"ReplCoordExternNetwork","msg":"Connecting","attr":{"hostAndPort":"10.188.1.61:27017"}}
{"t":{"$date":"2025-05-17T06:54:52.748+00:00"},"s":"I",  "c":"INITSYNC", "id":128433,  "ctx":"ReplCoordExtern-1","msg":"Initial syncer oplog truncation finished","attr":{"durationMillis":0}}
{"t":{"$date":"2025-05-17T06:54:52.748+00:00"},"s":"I",  "c":"REPL",     "id":7421400, "ctx":"ReplCoordExtern-1","msg":"Oplog size is being rounded to nearest 256-byte-aligned size","attr":{"oldSize":62016289177,"newSize":62016289280}}
{"t":{"$date":"2025-05-17T06:54:52.748+00:00"},"s":"I",  "c":"REPL",     "id":21251,   "ctx":"ReplCoordExtern-1","msg":"Creating replication oplog","attr":{"oplogSizeMB":51200}}
{"t":{"$date":"2025-05-17T06:54:52.748+00:00"},"s":"I",  "c":"STORAGE",  "id":20320,   "ctx":"ReplCoordExtern-1","msg":"createCollection","attr":{"namespace":"local.oplog.rs","uuidDisposition":"generated","uuid":{"uuid":{"$uuid":"a9b422c0-ebb8-485d-ade6-bfcb8f069118"}},"options":{"capped":true,"size":53687091200,"autoIndexId":false}}}
{"t":{"$date":"2025-05-17T06:54:52.750+00:00"},"s":"I",  "c":"STORAGE",  "id":7393203, "ctx":"ReplCoordExtern-1","msg":"The size storer reports that the collection contains","attr":{"numRecords":0,"dataSize":0}}
{"t":{"$date":"2025-05-17T06:54:52.750+00:00"},"s":"I",  "c":"STORAGE",  "id":22382,   "ctx":"ReplCoordExtern-1","msg":"WiredTiger record store oplog processing finished","attr":{"durationMillis":0}}
{"t":{"$date":"2025-05-17T06:54:52.752+00:00"},"s":"I",  "c":"WTCHKPT",  "id":22430,   "ctx":"ReplCoordExtern-1","msg":"WiredTiger message","attr":{"message":{"ts_sec":1747464892,"ts_usec":752482,"thread":"19104:0x7f61738a7700","session_name":"WT_SESSION.checkpoint","category":"WT_VERB_CHECKPOINT_PROGRESS","category_id":6,"verbose_level":"DEBUG_1","verbose_level_id":1,"msg":"saving checkpoint snapshot min: 74, snapshot max: 74 snapshot count: 0, oldest timestamp: (0, 1) , meta checkpoint timestamp: (0, 0) base write gen: 1"}}}
{"t":{"$date":"2025-05-17T06:54:52.756+00:00"},"s":"I",  "c":"STORAGE",  "id":4833200, "ctx":"ReplCoordExtern-1","msg":"About to abort all index builders running","attr":{"reason":"Aborting index builds for initial sync"}}
{"t":{"$date":"2025-05-17T06:54:52.756+00:00"},"s":"I",  "c":"REPL",     "id":21754,   "ctx":"ReplCoordExtern-1","msg":"dropReplicatedDatabases - dropping databases","attr":{"numDatabases":1}}
{"t":{"$date":"2025-05-17T06:54:52.756+00:00"},"s":"I",  "c":"REPL",     "id":21756,   "ctx":"ReplCoordExtern-1","msg":"dropReplicatedDatabases - dropped databases","attr":{"numDatabases":1}}
{"t":{"$date":"2025-05-17T06:54:52.785+00:00"},"s":"E",  "c":"INITSYNC", "id":128408,  "ctx":"ReplCoordExtern-0","msg":"Error fetching backup cursor entries","attr":{"error":"Location50917: Oplog rolled over while establishing the backup cursor."}}
{"t":{"$date":"2025-05-17T06:54:52.785+00:00"},"s":"I",  "c":"INITSYNC", "id":128440,  "ctx":"ReplCoordExtern-1","msg":"Initial sync attempt finishing up"}
{"t":{"$date":"2025-05-17T06:54:52.786+00:00"},"s":"I",  "c":"INITSYNC", "id":21192,   "ctx":"ReplCoordExtern-1","msg":"Initial sync status and statistics","attr":{"status":"in_progress","statistics":{"method":"fileCopyBased","failedInitialSyncAttempts":1,"maxFailedInitialSyncAttempts":10,"initialSyncStart":{"$date":"2025-05-17T06:54:51.746Z"},"totalInitialSyncElapsedMillis":1040,"initialSyncAttempts":[{"durationMillis":0,"status":"Location50917: Oplog rolled over while establishing the backup cursor.","syncSource":"10.188.1.61:27017","rollBackId":1,"operationsRetried":0,"totalTimeUnreachableMillis":0}]}}}
{"t":{"$date":"2025-05-17T06:54:52.786+00:00"},"s":"E",  "c":"INITSYNC", "id":128442,  "ctx":"ReplCoordExtern-1","msg":"Initial sync attempt failed","attr":{"attemptsLeft":9,"error":"Location50917: Oplog rolled over while establishing the backup cursor."}}
{"t":{"$date":"2025-05-17T06:54:53.217+00:00"},"s":"I",  "c":"-",        "id":4939300, "ctx":"monitoring-keys-for-HMAC","msg":"Failed to refresh key cache","attr":{"error":"InitialSyncActive: Cannot refresh keys collection cache during initial sync","nextWakeupMillis":1600}}
{"t":{"$date":"2025-05-17T06:54:53.786+00:00"},"s":"I",  "c":"INITSYNC", "id":128423,  "ctx":"ReplCoordExtern-0","msg":"Starting initial sync attempt","attr":{"initialSyncAttempt":2,"initialSyncMaxAttempts":10}}
{"t":{"$date":"2025-05-17T06:54:53.786+00:00"},"s":"I",  "c":"REPL",     "id":3873107, "ctx":"ReplCoordExtern-0","msg":"Cannot select sync source because it is not readable","attr":{"syncSourceCandidate":"10.188.1.78:27017"}}
{"t":{"$date":"2025-05-17T06:54:53.786+00:00"},"s":"I",  "c":"REPL",     "id":21799,   "ctx":"ReplCoordExtern-0","msg":"Sync source candidate chosen","attr":{"syncSource":"10.188.1.61:27017"}}
{"t":{"$date":"2025-05-17T06:54:53.787+00:00"},"s":"I",  "c":"INITSYNC", "id":128433,  "ctx":"ReplCoordExtern-0","msg":"Initial syncer oplog truncation finished","attr":{"durationMillis":0}}
{"t":{"$date":"2025-05-17T06:54:53.787+00:00"},"s":"I",  "c":"STORAGE",  "id":4833200, "ctx":"ReplCoordExtern-0","msg":"About to abort all index builders running","attr":{"reason":"Aborting index builds for initial sync"}}
{"t":{"$date":"2025-05-17T06:54:53.787+00:00"},"s":"I",  "c":"REPL",     "id":21754,   "ctx":"ReplCoordExtern-0","msg":"dropReplicatedDatabases - dropping databases","attr":{"numDatabases":1}}
{"t":{"$date":"2025-05-17T06:54:53.787+00:00"},"s":"I",  "c":"REPL",     "id":21756,   "ctx":"ReplCoordExtern-0","msg":"dropReplicatedDatabases - dropped databases","attr":{"numDatabases":1}}
{"t":{"$date":"2025-05-17T06:54:53.791+00:00"},"s":"E",  "c":"INITSYNC", "id":128408,  "ctx":"ReplCoordExtern-0","msg":"Error fetching backup cursor entries","attr":{"error":"Location50917: Oplog rolled over while establishing the backup cursor."}}
{"t":{"$date":"2025-05-17T06:54:53.791+00:00"},"s":"I",  "c":"INITSYNC", "id":128440,  "ctx":"ReplCoordExtern-2","msg":"Initial sync attempt finishing up"}
{"t":{"$date":"2025-05-17T06:54:53.791+00:00"},"s":"I",  "c":"INITSYNC", "id":21192,   "ctx":"ReplCoordExtern-2","msg":"Initial sync status and statistics","attr":{"status":"in_progress","statistics":{"method":"fileCopyBased","failedInitialSyncAttempts":2,"maxFailedInitialSyncAttempts":10,"initialSyncStart":{"$date":"2025-05-17T06:54:51.746Z"},"totalInitialSyncElapsedMillis":2045,"initialSyncAttempts":[{"durationMillis":0,"status":"Location50917: Oplog rolled over while establishing the backup cursor.","syncSource":"10.188.1.61:27017","rollBackId":1,"operationsRetried":0,"totalTimeUnreachableMillis":0},{"durationMillis":0,"status":"Location50917: Oplog rolled over while establishing the backup cursor.","syncSource":"10.188.1.61:27017","rollBackId":1,"operationsRetried":0,"totalTimeUnreachableMillis":0}]}}}
{"t":{"$date":"2025-05-17T06:54:53.791+00:00"},"s":"E",  "c":"INITSYNC", "id":128442,  "ctx":"ReplCoordExtern-2","msg":"Initial sync attempt failed","attr":{"attemptsLeft":8,"error":"Location50917: Oplog rolled over while establishing the backup cursor."}}
{"t":{"$date":"2025-05-17T06:54:54.791+00:00"},"s":"I",  "c":"INITSYNC", "id":128423,  "ctx":"ReplCoordExtern-1","msg":"Starting initial sync attempt","attr":{"initialSyncAttempt":3,"initialSyncMaxAttempts":10}}
{"t":{"$date":"2025-05-17T06:54:54.791+00:00"},"s":"I",  "c":"REPL",     "id":3873107, "ctx":"ReplCoordExtern-1","msg":"Cannot select sync source because it is not readable","attr":{"syncSourceCandidate":"10.188.1.78:27017"}}
{"t":{"$date":"2025-05-17T06:54:54.791+00:00"},"s":"I",  "c":"REPL",     "id":21799,   "ctx":"ReplCoordExtern-1","msg":"Sync source candidate chosen","attr":{"syncSource":"10.188.1.61:27017"}}
{"t":{"$date":"2025-05-17T06:54:54.792+00:00"},"s":"I",  "c":"INITSYNC", "id":128433,  "ctx":"ReplCoordExtern-1","msg":"Initial syncer oplog truncation finished","attr":{"durationMillis":0}}
{"t":{"$date":"2025-05-17T06:54:54.792+00:00"},"s":"I",  "c":"STORAGE",  "id":4833200, "ctx":"ReplCoordExtern-1","msg":"About to abort all index builders running","attr":{"reason":"Aborting index builds for initial sync"}}
{"t":{"$date":"2025-05-17T06:54:54.792+00:00"},"s":"I",  "c":"REPL",     "id":21754,   "ctx":"ReplCoordExtern-1","msg":"dropReplicatedDatabases - dropping databases","attr":{"numDatabases":1}}
{"t":{"$date":"2025-05-17T06:54:54.792+00:00"},"s":"I",  "c":"REPL",     "id":21756,   "ctx":"ReplCoordExtern-1","msg":"dropReplicatedDatabases - dropped databases","attr":{"numDatabases":1}}
{"t":{"$date":"2025-05-17T06:54:54.794+00:00"},"s":"E",  "c":"INITSYNC", "id":128408,  "ctx":"ReplCoordExtern-1","msg":"Error fetching backup cursor entries","attr":{"error":"Location50917: Oplog rolled over while establishing the backup cursor."}}
{"t":{"$date":"2025-05-17T06:54:54.795+00:00"},"s":"I",  "c":"INITSYNC", "id":128440,  "ctx":"ReplCoordExtern-0","msg":"Initial sync attempt finishing up"}
{"t":{"$date":"2025-05-17T06:54:54.795+00:00"},"s":"I",  "c":"INITSYNC", "id":21192,   "ctx":"ReplCoordExtern-0","msg":"Initial sync status and statistics","attr":{"status":"in_progress","statistics":{"method":"fileCopyBased","failedInitialSyncAttempts":3,"maxFailedInitialSyncAttempts":10,"initialSyncStart":{"$date":"2025-05-17T06:54:51.746Z"},"totalInitialSyncElapsedMillis":3049,"initialSyncAttempts":[{"durationMillis":0,"status":"Location50917: Oplog rolled over while establishing the backup cursor.","syncSource":"10.188.1.61:27017","rollBackId":1,"operationsRetried":0,"totalTimeUnreachableMillis":0},{"durationMillis":0,"status":"Location50917: Oplog rolled over while establishing the backup cursor.","syncSource":"10.188.1.61:27017","rollBackId":1,"operationsRetried":0,"totalTimeUnreachableMillis":0},{"durationMillis":0,"status":"Location50917: Oplog rolled over while establishing the backup cursor.","syncSource":"10.188.1.61:27017","rollBackId":1,"operationsRetried":0,"totalTimeUnreachableMillis":0}]}}}
{"t":{"$date":"2025-05-17T06:54:54.795+00:00"},"s":"E",  "c":"INITSYNC", "id":128442,  "ctx":"ReplCoordExtern-0","msg":"Initial sync attempt failed","attr":{"attemptsLeft":7,"error":"Location50917: Oplog rolled over while establishing the backup cursor."}}
{"t":{"$date":"2025-05-17T06:54:54.818+00:00"},"s":"I",  "c":"-",        "id":4939300, "ctx":"monitoring-keys-for-HMAC","msg":"Failed to refresh key cache","attr":{"error":"InitialSyncActive: Cannot refresh keys collection cache during initial sync","nextWakeupMillis":1800}}
{"t":{"$date":"2025-05-17T06:54:55.795+00:00"},"s":"I",  "c":"INITSYNC", "id":128423,  "ctx":"ReplCoordExtern-2","msg":"Starting initial sync attempt","attr":{"initialSyncAttempt":4,"initialSyncMaxAttempts":10}}
{"t":{"$date":"2025-05-17T06:54:55.795+00:00"},"s":"I",  "c":"REPL",     "id":3873107, "ctx":"ReplCoordExtern-2","msg":"Cannot select sync source because it is not readable","attr":{"syncSourceCandidate":"10.188.1.78:27017"}}
{"t":{"$date":"2025-05-17T06:54:55.795+00:00"},"s":"I",  "c":"REPL",     "id":21799,   "ctx":"ReplCoordExtern-2","msg":"Sync source candidate chosen","attr":{"syncSource":"10.188.1.61:27017"}}
{"t":{"$date":"2025-05-17T06:54:55.796+00:00"},"s":"I",  "c":"INITSYNC", "id":128433,  "ctx":"ReplCoordExtern-2","msg":"Initial syncer oplog truncation finished","attr":{"durationMillis":0}}
{"t":{"$date":"2025-05-17T06:54:55.796+00:00"},"s":"I",  "c":"STORAGE",  "id":4833200, "ctx":"ReplCoordExtern-2","msg":"About to abort all index builders running","attr":{"reason":"Aborting index builds for initial sync"}}
{"t":{"$date":"2025-05-17T06:54:55.796+00:00"},"s":"I",  "c":"REPL",     "id":21754,   "ctx":"ReplCoordExtern-2","msg":"dropReplicatedDatabases - dropping databases","attr":{"numDatabases":1}}
{"t":{"$date":"2025-05-17T06:54:55.796+00:00"},"s":"I",  "c":"REPL",     "id":21756,   "ctx":"ReplCoordExtern-2","msg":"dropReplicatedDatabases - dropped databases","attr":{"numDatabases":1}}
{"t":{"$date":"2025-05-17T06:54:55.798+00:00"},"s":"E",  "c":"INITSYNC", "id":128408,  "ctx":"ReplCoordExtern-2","msg":"Error fetching backup cursor entries","attr":{"error":"Location50917: Oplog rolled over while establishing the backup cursor."}}
{"t":{"$date":"2025-05-17T06:54:55.798+00:00"},"s":"I",  "c":"INITSYNC", "id":128440,  "ctx":"ReplCoordExtern-1","msg":"Initial sync attempt finishing up"}
{"t":{"$date":"2025-05-17T06:54:55.798+00:00"},"s":"I",  "c":"INITSYNC", "id":21192,   "ctx":"ReplCoordExtern-1","msg":"Initial sync status and statistics","attr":{"status":"in_progress","statistics":{"method":"fileCopyBased","failedInitialSyncAttempts":4,"maxFailedInitialSyncAttempts":10,"initialSyncStart":{"$date":"2025-05-17T06:54:51.746Z"},"totalInitialSyncElapsedMillis":4052,"initialSyncAttempts":[{"durationMillis":0,"status":"Location50917: Oplog rolled over while establishing the backup cursor.","syncSource":"10.188.1.61:27017","rollBackId":1,"operationsRetried":0,"totalTimeUnreachableMillis":0},{"durationMillis":0,"status":"Location50917: Oplog rolled over while establishing the backup cursor.","syncSource":"10.188.1.61:27017","rollBackId":1,"operationsRetried":0,"totalTimeUnreachableMillis":0},{"durationMillis":0,"status":"Location50917: Oplog rolled over while establishing the backup cursor.","syncSource":"10.188.1.61:27017","rollBackId":1,"operationsRetried":0,"totalTimeUnreachableMillis":0},{"durationMillis":0,"status":"Location50917: Oplog rolled over while establishing the backup cursor.","syncSource":"10.188.1.61:27017","rollBackId":1,"operationsRetried":0,"totalTimeUnreachableMillis":0}]}}}
{"t":{"$date":"2025-05-17T06:54:55.798+00:00"},"s":"E",  "c":"INITSYNC", "id":128442,  "ctx":"ReplCoordExtern-1","msg":"Initial sync attempt failed","attr":{"attemptsLeft":6,"error":"Location50917: Oplog rolled over while establishing the backup cursor."}}
{"t":{"$date":"2025-05-17T06:54:56.619+00:00"},"s":"I",  "c":"-",        "id":4939300, "ctx":"monitoring-keys-for-HMAC","msg":"Failed to refresh key cache","attr":{"error":"InitialSyncActive: Cannot refresh keys collection cache during initial sync","nextWakeupMillis":2000}}
{"t":{"$date":"2025-05-17T06:54:56.798+00:00"},"s":"I",  "c":"INITSYNC", "id":128423,  "ctx":"ReplCoordExtern-0","msg":"Starting initial sync attempt","attr":{"initialSyncAttempt":5,"initialSyncMaxAttempts":10}}
{"t":{"$date":"2025-05-17T06:54:56.798+00:00"},"s":"I",  "c":"REPL",     "id":3873107, "ctx":"ReplCoordExtern-0","msg":"Cannot select sync source because it is not readable","attr":{"syncSourceCandidate":"10.188.1.78:27017"}}
{"t":{"$date":"2025-05-17T06:54:56.798+00:00"},"s":"I",  "c":"REPL",     "id":21799,   "ctx":"ReplCoordExtern-0","msg":"Sync source candidate chosen","attr":{"syncSource":"10.188.1.61:27017"}}
{"t":{"$date":"2025-05-17T06:54:56.799+00:00"},"s":"I",  "c":"INITSYNC", "id":128433,  "ctx":"ReplCoordExtern-0","msg":"Initial syncer oplog truncation finished","attr":{"durationMillis":0}}
{"t":{"$date":"2025-05-17T06:54:56.799+00:00"},"s":"I",  "c":"STORAGE",  "id":4833200, "ctx":"ReplCoordExtern-0","msg":"About to abort all index builders running","attr":{"reason":"Aborting index builds for initial sync"}}
{"t":{"$date":"2025-05-17T06:54:56.799+00:00"},"s":"I",  "c":"REPL",     "id":21754,   "ctx":"ReplCoordExtern-0","msg":"dropReplicatedDatabases - dropping databases","attr":{"numDatabases":1}}
{"t":{"$date":"2025-05-17T06:54:56.799+00:00"},"s":"I",  "c":"REPL",     "id":21756,   "ctx":"ReplCoordExtern-0","msg":"dropReplicatedDatabases - dropped databases","attr":{"numDatabases":1}}
{"t":{"$date":"2025-05-17T06:54:56.801+00:00"},"s":"E",  "c":"INITSYNC", "id":128408,  "ctx":"ReplCoordExtern-0","msg":"Error fetching backup cursor entries","attr":{"error":"Location50917: Oplog rolled over while establishing the backup cursor."}}
{"t":{"$date":"2025-05-17T06:54:56.801+00:00"},"s":"I",  "c":"INITSYNC", "id":128440,  "ctx":"ReplCoordExtern-2","msg":"Initial sync attempt finishing up"}
{"t":{"$date":"2025-05-17T06:54:56.801+00:00"},"s":"I",  "c":"INITSYNC", "id":21192,   "ctx":"ReplCoordExtern-2","msg":"Initial sync status and statistics","attr":{"status":"in_progress","statistics":{"method":"fileCopyBased","failedInitialSyncAttempts":5,"maxFailedInitialSyncAttempts":10,"initialSyncStart":{"$date":"2025-05-17T06:54:51.746Z"},"totalInitialSyncElapsedMillis":5055,"initialSyncAttempts":[{"durationMillis":0,"status":"Location50917: Oplog rolled over while establishing the backup cursor.","syncSource":"10.188.1.61:27017","rollBackId":1,"operationsRetried":0,"totalTimeUnreachableMillis":0},{"durationMillis":0,"status":"Location50917: Oplog rolled over while establishing the backup cursor.","syncSource":"10.188.1.61:27017","rollBackId":1,"operationsRetried":0,"totalTimeUnreachableMillis":0},{"durationMillis":0,"status":"Location50917: Oplog rolled over while establishing the backup cursor.","syncSource":"10.188.1.61:27017","rollBackId":1,"operationsRetried":0,"totalTimeUnreachableMillis":0},{"durationMillis":0,"status":"Location50917: Oplog rolled over while establishing the backup cursor.","syncSource":"10.188.1.61:27017","rollBackId":1,"operationsRetried":0,"totalTimeUnreachableMillis":0},{"durationMillis":0,"status":"Location50917: Oplog rolled over while establishing the backup cursor.","syncSource":"10.188.1.61:27017","rollBackId":1,"operationsRetried":0,"totalTimeUnreachableMillis":0}]}}}
{"t":{"$date":"2025-05-17T06:54:56.801+00:00"},"s":"E",  "c":"INITSYNC", "id":128442,  "ctx":"ReplCoordExtern-2","msg":"Initial sync attempt failed","attr":{"attemptsLeft":5,"error":"Location50917: Oplog rolled over while establishing the backup cursor."}}
{"t":{"$date":"2025-05-17T06:54:57.801+00:00"},"s":"I",  "c":"INITSYNC", "id":128423,  "ctx":"ReplCoordExtern-1","msg":"Starting initial sync attempt","attr":{"initialSyncAttempt":6,"initialSyncMaxAttempts":10}}
{"t":{"$date":"2025-05-17T06:54:57.801+00:00"},"s":"I",  "c":"REPL",     "id":3873107, "ctx":"ReplCoordExtern-1","msg":"Cannot select sync source because it is not readable","attr":{"syncSourceCandidate":"10.188.1.78:27017"}}
{"t":{"$date":"2025-05-17T06:54:57.801+00:00"},"s":"I",  "c":"REPL",     "id":21799,   "ctx":"ReplCoordExtern-1","msg":"Sync source candidate chosen","attr":{"syncSource":"10.188.1.61:27017"}}
{"t":{"$date":"2025-05-17T06:54:57.802+00:00"},"s":"I",  "c":"INITSYNC", "id":128433,  "ctx":"ReplCoordExtern-1","msg":"Initial syncer oplog truncation finished","attr":{"durationMillis":0}}
{"t":{"$date":"2025-05-17T06:54:57.802+00:00"},"s":"I",  "c":"STORAGE",  "id":4833200, "ctx":"ReplCoordExtern-1","msg":"About to abort all index builders running","attr":{"reason":"Aborting index builds for initial sync"}}
{"t":{"$date":"2025-05-17T06:54:57.802+00:00"},"s":"I",  "c":"REPL",     "id":21754,   "ctx":"ReplCoordExtern-1","msg":"dropReplicatedDatabases - dropping databases","attr":{"numDatabases":1}}
{"t":{"$date":"2025-05-17T06:54:57.802+00:00"},"s":"I",  "c":"REPL",     "id":21756,   "ctx":"ReplCoordExtern-1","msg":"dropReplicatedDatabases - dropped databases","attr":{"numDatabases":1}}
{"t":{"$date":"2025-05-17T06:54:57.804+00:00"},"s":"E",  "c":"INITSYNC", "id":128408,  "ctx":"ReplCoordExtern-1","msg":"Error fetching backup cursor entries","attr":{"error":"Location50917: Oplog rolled over while establishing the backup cursor."}}
{"t":{"$date":"2025-05-17T06:54:57.804+00:00"},"s":"I",  "c":"INITSYNC", "id":128440,  "ctx":"ReplCoordExtern-0","msg":"Initial sync attempt finishing up"}
{"t":{"$date":"2025-05-17T06:54:57.804+00:00"},"s":"I",  "c":"INITSYNC", "id":21192,   "ctx":"ReplCoordExtern-0","msg":"Initial sync status and statistics","attr":{"status":"in_progress","statistics":{"method":"fileCopyBased","failedInitialSyncAttempts":6,"maxFailedInitialSyncAttempts":10,"initialSyncStart":{"$date":"2025-05-17T06:54:51.746Z"},"totalInitialSyncElapsedMillis":6058,"initialSyncAttempts":[{"durationMillis":0,"status":"Location50917: Oplog rolled over while establishing the backup cursor.","syncSource":"10.188.1.61:27017","rollBackId":1,"operationsRetried":0,"totalTimeUnreachableMillis":0},{"durationMillis":0,"status":"Location50917: Oplog rolled over while establishing the backup cursor.","syncSource":"10.188.1.61:27017","rollBackId":1,"operationsRetried":0,"totalTimeUnreachableMillis":0},{"durationMillis":0,"status":"Location50917: Oplog rolled over while establishing the backup cursor.","syncSource":"10.188.1.61:27017","rollBackId":1,"operationsRetried":0,"totalTimeUnreachableMillis":0},{"durationMillis":0,"status":"Location50917: Oplog rolled over while establishing the backup cursor.","syncSource":"10.188.1.61:27017","rollBackId":1,"operationsRetried":0,"totalTimeUnreachableMillis":0},{"durationMillis":0,"status":"Location50917: Oplog rolled over while establishing the backup cursor.","syncSource":"10.188.1.61:27017","rollBackId":1,"operationsRetried":0,"totalTimeUnreachableMillis":0},{"durationMillis":0,"status":"Location50917: Oplog rolled over while establishing the backup cursor.","syncSource":"10.188.1.61:27017","rollBackId":1,"operationsRetried":0,"totalTimeUnreachableMillis":0}]}}}
{"t":{"$date":"2025-05-17T06:54:57.804+00:00"},"s":"E",  "c":"INITSYNC", "id":128442,  "ctx":"ReplCoordExtern-0","msg":"Initial sync attempt failed","attr":{"attemptsLeft":4,"error":"Location50917: Oplog rolled over while establishing the backup cursor."}}
{"t":{"$date":"2025-05-17T06:54:58.413+00:00"},"s":"I",  "c":"NETWORK",  "id":22943,   "ctx":"listener","msg":"Connection accepted","attr":{"remote":"10.188.1.61:58052","uuid":{"uuid":{"$uuid":"b6e2451d-3a4f-458a-9e40-5e317c2d47bf"}},"connectionId":8,"connectionCount":4}}
{"t":{"$date":"2025-05-17T06:54:58.413+00:00"},"s":"I",  "c":"NETWORK",  "id":22943,   "ctx":"listener","msg":"Connection accepted","attr":{"remote":"10.188.1.61:58060","uuid":{"uuid":{"$uuid":"7850ea3e-3789-44be-8f54-9d6b82fb0d44"}},"connectionId":9,"connectionCount":5}}
{"t":{"$date":"2025-05-17T06:54:58.413+00:00"},"s":"I",  "c":"NETWORK",  "id":51800,   "ctx":"conn8","msg":"client metadata","attr":{"remote":"10.188.1.61:58052","client":"conn8","negotiatedCompressors":[],"doc":{"driver":{"name":"mongo-go-driver","version":"v1.10.1"},"os":{"type":"linux","architecture":"amd64"},"platform":"go1.19.1"}}}
{"t":{"$date":"2025-05-17T06:54:58.413+00:00"},"s":"I",  "c":"NETWORK",  "id":51800,   "ctx":"conn9","msg":"client metadata","attr":{"remote":"10.188.1.61:58060","client":"conn9","negotiatedCompressors":[],"doc":{"driver":{"name":"mongo-go-driver","version":"v1.10.1"},"os":{"type":"linux","architecture":"amd64"},"platform":"go1.19.1"}}}
{"t":{"$date":"2025-05-17T06:54:58.621+00:00"},"s":"I",  "c":"-",        "id":4939300, "ctx":"monitoring-keys-for-HMAC","msg":"Failed to refresh key cache","attr":{"error":"InitialSyncActive: Cannot refresh keys collection cache during initial sync","nextWakeupMillis":2200}}
{"t":{"$date":"2025-05-17T06:54:58.804+00:00"},"s":"I",  "c":"INITSYNC", "id":128423,  "ctx":"ReplCoordExtern-2","msg":"Starting initial sync attempt","attr":{"initialSyncAttempt":7,"initialSyncMaxAttempts":10}}
{"t":{"$date":"2025-05-17T06:54:58.804+00:00"},"s":"I",  "c":"REPL",     "id":3873107, "ctx":"ReplCoordExtern-2","msg":"Cannot select sync source because it is not readable","attr":{"syncSourceCandidate":"10.188.1.78:27017"}}
{"t":{"$date":"2025-05-17T06:54:58.804+00:00"},"s":"I",  "c":"REPL",     "id":21799,   "ctx":"ReplCoordExtern-2","msg":"Sync source candidate chosen","attr":{"syncSource":"10.188.1.61:27017"}}
{"t":{"$date":"2025-05-17T06:54:58.805+00:00"},"s":"I",  "c":"INITSYNC", "id":128433,  "ctx":"ReplCoordExtern-2","msg":"Initial syncer oplog truncation finished","attr":{"durationMillis":0}}
{"t":{"$date":"2025-05-17T06:54:58.805+00:00"},"s":"I",  "c":"STORAGE",  "id":4833200, "ctx":"ReplCoordExtern-2","msg":"About to abort all index builders running","attr":{"reason":"Aborting index builds for initial sync"}}
{"t":{"$date":"2025-05-17T06:54:58.805+00:00"},"s":"I",  "c":"REPL",     "id":21754,   "ctx":"ReplCoordExtern-2","msg":"dropReplicatedDatabases - dropping databases","attr":{"numDatabases":1}}
{"t":{"$date":"2025-05-17T06:54:58.805+00:00"},"s":"I",  "c":"REPL",     "id":21756,   "ctx":"ReplCoordExtern-2","msg":"dropReplicatedDatabases - dropped databases","attr":{"numDatabases":1}}
{"t":{"$date":"2025-05-17T06:54:58.807+00:00"},"s":"E",  "c":"INITSYNC", "id":128408,  "ctx":"ReplCoordExtern-2","msg":"Error fetching backup cursor entries","attr":{"error":"Location50917: Oplog rolled over while establishing the backup cursor."}}
{"t":{"$date":"2025-05-17T06:54:58.807+00:00"},"s":"I",  "c":"INITSYNC", "id":128440,  "ctx":"ReplCoordExtern-1","msg":"Initial sync attempt finishing up"}
{"t":{"$date":"2025-05-17T06:54:58.807+00:00"},"s":"I",  "c":"INITSYNC", "id":21192,   "ctx":"ReplCoordExtern-1","msg":"Initial sync status and statistics","attr":{"status":"in_progress","statistics":{"method":"fileCopyBased","failedInitialSyncAttempts":7,"maxFailedInitialSyncAttempts":10,"initialSyncStart":{"$date":"2025-05-17T06:54:51.746Z"},"totalInitialSyncElapsedMillis":7061,"initialSyncAttempts":[{"durationMillis":0,"status":"Location50917: Oplog rolled over while establishing the backup cursor.","syncSource":"10.188.1.61:27017","rollBackId":1,"operationsRetried":0,"totalTimeUnreachableMillis":0},{"durationMillis":0,"status":"Location50917: Oplog rolled over while establishing the backup cursor.","syncSource":"10.188.1.61:27017","rollBackId":1,"operationsRetried":0,"totalTimeUnreachableMillis":0},{"durationMillis":0,"status":"Location50917: Oplog rolled over while establishing the backup cursor.","syncSource":"10.188.1.61:27017","rollBackId":1,"operationsRetried":0,"totalTimeUnreachableMillis":0},{"durationMillis":0,"status":"Location50917: Oplog rolled over while establishing the backup cursor.","syncSource":"10.188.1.61:27017","rollBackId":1,"operationsRetried":0,"totalTimeUnreachableMillis":0},{"durationMillis":0,"status":"Location50917: Oplog rolled over while establishing the backup cursor.","syncSource":"10.188.1.61:27017","rollBackId":1,"operationsRetried":0,"totalTimeUnreachableMillis":0},{"durationMillis":0,"status":"Location50917: Oplog rolled over while establishing the backup cursor.","syncSource":"10.188.1.61:27017","rollBackId":1,"operationsRetried":0,"totalTimeUnreachableMillis":0},{"durationMillis":0,"status":"Location50917: Oplog rolled over while establishing the backup cursor.","syncSource":"10.188.1.61:27017","rollBackId":1,"operationsRetried":0,"totalTimeUnreachableMillis":0}]}}}
{"t":{"$date":"2025-05-17T06:54:58.807+00:00"},"s":"E",  "c":"INITSYNC", "id":128442,  "ctx":"ReplCoordExtern-1","msg":"Initial sync attempt failed","attr":{"attemptsLeft":3,"error":"Location50917: Oplog rolled over while establishing the backup cursor."}}
{"t":{"$date":"2025-05-17T06:54:59.807+00:00"},"s":"I",  "c":"INITSYNC", "id":128423,  "ctx":"ReplCoordExtern-0","msg":"Starting initial sync attempt","attr":{"initialSyncAttempt":8,"initialSyncMaxAttempts":10}}
{"t":{"$date":"2025-05-17T06:54:59.807+00:00"},"s":"I",  "c":"REPL",     "id":3873107, "ctx":"ReplCoordExtern-0","msg":"Cannot select sync source because it is not readable","attr":{"syncSourceCandidate":"10.188.1.78:27017"}}
{"t":{"$date":"2025-05-17T06:54:59.807+00:00"},"s":"I",  "c":"REPL",     "id":21799,   "ctx":"ReplCoordExtern-0","msg":"Sync source candidate chosen","attr":{"syncSource":"10.188.1.61:27017"}}
{"t":{"$date":"2025-05-17T06:54:59.808+00:00"},"s":"I",  "c":"INITSYNC", "id":128433,  "ctx":"ReplCoordExtern-0","msg":"Initial syncer oplog truncation finished","attr":{"durationMillis":0}}
{"t":{"$date":"2025-05-17T06:54:59.808+00:00"},"s":"I",  "c":"STORAGE",  "id":4833200, "ctx":"ReplCoordExtern-0","msg":"About to abort all index builders running","attr":{"reason":"Aborting index builds for initial sync"}}
{"t":{"$date":"2025-05-17T06:54:59.808+00:00"},"s":"I",  "c":"REPL",     "id":21754,   "ctx":"ReplCoordExtern-0","msg":"dropReplicatedDatabases - dropping databases","attr":{"numDatabases":1}}
{"t":{"$date":"2025-05-17T06:54:59.808+00:00"},"s":"I",  "c":"REPL",     "id":21756,   "ctx":"ReplCoordExtern-0","msg":"dropReplicatedDatabases - dropped databases","attr":{"numDatabases":1}}
{"t":{"$date":"2025-05-17T06:54:59.811+00:00"},"s":"E",  "c":"INITSYNC", "id":128408,  "ctx":"ReplCoordExtern-0","msg":"Error fetching backup cursor entries","attr":{"error":"Location50917: Oplog rolled over while establishing the backup cursor."}}
{"t":{"$date":"2025-05-17T06:54:59.811+00:00"},"s":"I",  "c":"INITSYNC", "id":128440,  "ctx":"ReplCoordExtern-2","msg":"Initial sync attempt finishing up"}
{"t":{"$date":"2025-05-17T06:54:59.811+00:00"},"s":"I",  "c":"INITSYNC", "id":21192,   "ctx":"ReplCoordExtern-2","msg":"Initial sync status and statistics","attr":{"status":"in_progress","statistics":{"method":"fileCopyBased","failedInitialSyncAttempts":8,"maxFailedInitialSyncAttempts":10,"initialSyncStart":{"$date":"2025-05-17T06:54:51.746Z"},"totalInitialSyncElapsedMillis":8065,"initialSyncAttempts":[{"durationMillis":0,"status":"Location50917: Oplog rolled over while establishing the backup cursor.","syncSource":"10.188.1.61:27017","rollBackId":1,"operationsRetried":0,"totalTimeUnreachableMillis":0},{"durationMillis":0,"status":"Location50917: Oplog rolled over while establishing the backup cursor.","syncSource":"10.188.1.61:27017","rollBackId":1,"operationsRetried":0,"totalTimeUnreachableMillis":0},{"durationMillis":0,"status":"Location50917: Oplog rolled over while establishing the backup cursor.","syncSource":"10.188.1.61:27017","rollBackId":1,"operationsRetried":0,"totalTimeUnreachableMillis":0},{"durationMillis":0,"status":"Location50917: Oplog rolled over while establishing the backup cursor.","syncSource":"10.188.1.61:27017","rollBackId":1,"operationsRetried":0,"totalTimeUnreachableMillis":0},{"durationMillis":0,"status":"Location50917: Oplog rolled over while establishing the backup cursor.","syncSource":"10.188.1.61:27017","rollBackId":1,"operationsRetried":0,"totalTimeUnreachableMillis":0},{"durationMillis":0,"status":"Location50917: Oplog rolled over while establishing the backup cursor.","syncSource":"10.188.1.61:27017","rollBackId":1,"operationsRetried":0,"totalTimeUnreachableMillis":0},{"durationMillis":0,"status":"Location50917: Oplog rolled over while establishing the backup cursor.","syncSource":"10.188.1.61:27017","rollBackId":1,"operationsRetried":0,"totalTimeUnreachableMillis":0},{"durationMillis":0,"status":"Location50917: Oplog rolled over while establishing the backup cursor.","syncSource":"10.188.1.61:27017","rollBackId":1,"operationsRetried":0,"totalTimeUnreachableMillis":0}]}}}
{"t":{"$date":"2025-05-17T06:54:59.811+00:00"},"s":"E",  "c":"INITSYNC", "id":128442,  "ctx":"ReplCoordExtern-2","msg":"Initial sync attempt failed","attr":{"attemptsLeft":2,"error":"Location50917: Oplog rolled over while establishing the backup cursor."}}
{"t":{"$date":"2025-05-17T06:55:00.811+00:00"},"s":"I",  "c":"INITSYNC", "id":128423,  "ctx":"ReplCoordExtern-1","msg":"Starting initial sync attempt","attr":{"initialSyncAttempt":9,"initialSyncMaxAttempts":10}}
{"t":{"$date":"2025-05-17T06:55:00.811+00:00"},"s":"I",  "c":"REPL",     "id":3873107, "ctx":"ReplCoordExtern-1","msg":"Cannot select sync source because it is not readable","attr":{"syncSourceCandidate":"10.188.1.78:27017"}}
{"t":{"$date":"2025-05-17T06:55:00.811+00:00"},"s":"I",  "c":"REPL",     "id":21799,   "ctx":"ReplCoordExtern-1","msg":"Sync source candidate chosen","attr":{"syncSource":"10.188.1.61:27017"}}
{"t":{"$date":"2025-05-17T06:55:00.812+00:00"},"s":"I",  "c":"INITSYNC", "id":128433,  "ctx":"ReplCoordExtern-1","msg":"Initial syncer oplog truncation finished","attr":{"durationMillis":0}}
{"t":{"$date":"2025-05-17T06:55:00.812+00:00"},"s":"I",  "c":"STORAGE",  "id":4833200, "ctx":"ReplCoordExtern-1","msg":"About to abort all index builders running","attr":{"reason":"Aborting index builds for initial sync"}}
{"t":{"$date":"2025-05-17T06:55:00.812+00:00"},"s":"I",  "c":"REPL",     "id":21754,   "ctx":"ReplCoordExtern-1","msg":"dropReplicatedDatabases - dropping databases","attr":{"numDatabases":1}}
{"t":{"$date":"2025-05-17T06:55:00.812+00:00"},"s":"I",  "c":"REPL",     "id":21756,   "ctx":"ReplCoordExtern-1","msg":"dropReplicatedDatabases - dropped databases","attr":{"numDatabases":1}}
{"t":{"$date":"2025-05-17T06:55:00.814+00:00"},"s":"E",  "c":"INITSYNC", "id":128408,  "ctx":"ReplCoordExtern-1","msg":"Error fetching backup cursor entries","attr":{"error":"Location50917: Oplog rolled over while establishing the backup cursor."}}
{"t":{"$date":"2025-05-17T06:55:00.814+00:00"},"s":"I",  "c":"INITSYNC", "id":128440,  "ctx":"ReplCoordExtern-0","msg":"Initial sync attempt finishing up"}
{"t":{"$date":"2025-05-17T06:55:00.814+00:00"},"s":"I",  "c":"INITSYNC", "id":21192,   "ctx":"ReplCoordExtern-0","msg":"Initial sync status and statistics","attr":{"status":"in_progress","statistics":{"method":"fileCopyBased","failedInitialSyncAttempts":9,"maxFailedInitialSyncAttempts":10,"initialSyncStart":{"$date":"2025-05-17T06:54:51.746Z"},"totalInitialSyncElapsedMillis":9068,"initialSyncAttempts":[{"durationMillis":0,"status":"Location50917: Oplog rolled over while establishing the backup cursor.","syncSource":"10.188.1.61:27017","rollBackId":1,"operationsRetried":0,"totalTimeUnreachableMillis":0},{"durationMillis":0,"status":"Location50917: Oplog rolled over while establishing the backup cursor.","syncSource":"10.188.1.61:27017","rollBackId":1,"operationsRetried":0,"totalTimeUnreachableMillis":0},{"durationMillis":0,"status":"Location50917: Oplog rolled over while establishing the backup cursor.","syncSource":"10.188.1.61:27017","rollBackId":1,"operationsRetried":0,"totalTimeUnreachableMillis":0},{"durationMillis":0,"status":"Location50917: Oplog rolled over while establishing the backup cursor.","syncSource":"10.188.1.61:27017","rollBackId":1,"operationsRetried":0,"totalTimeUnreachableMillis":0},{"durationMillis":0,"status":"Location50917: Oplog rolled over while establishing the backup cursor.","syncSource":"10.188.1.61:27017","rollBackId":1,"operationsRetried":0,"totalTimeUnreachableMillis":0},{"durationMillis":0,"status":"Location50917: Oplog rolled over while establishing the backup cursor.","syncSource":"10.188.1.61:27017","rollBackId":1,"operationsRetried":0,"totalTimeUnreachableMillis":0},{"durationMillis":0,"status":"Location50917: Oplog rolled over while establishing the backup cursor.","syncSource":"10.188.1.61:27017","rollBackId":1,"operationsRetried":0,"totalTimeUnreachableMillis":0},{"durationMillis":0,"status":"Location50917: Oplog rolled over while establishing the backup cursor.","syncSource":"10.188.1.61:27017","rollBackId":1,"operationsRetried":0,"totalTimeUnreachableMillis":0},{"durationMillis":0,"status":"Location50917: Oplog rolled over while establishing the backup cursor.","syncSource":"10.188.1.61:27017","rollBackId":1,"operationsRetried":0,"totalTimeUnreachableMillis":0}]}}}
{"t":{"$date":"2025-05-17T06:55:00.814+00:00"},"s":"E",  "c":"INITSYNC", "id":128442,  "ctx":"ReplCoordExtern-0","msg":"Initial sync attempt failed","attr":{"attemptsLeft":1,"error":"Location50917: Oplog rolled over while establishing the backup cursor."}}
{"t":{"$date":"2025-05-17T06:55:00.823+00:00"},"s":"I",  "c":"-",        "id":4939300, "ctx":"monitoring-keys-for-HMAC","msg":"Failed to refresh key cache","attr":{"error":"InitialSyncActive: Cannot refresh keys collection cache during initial sync","nextWakeupMillis":2400}}
{"t":{"$date":"2025-05-17T06:55:01.792+00:00"},"s":"I",  "c":"NETWORK",  "id":22944,   "ctx":"conn4","msg":"Connection ended","attr":{"remote":"10.188.1.78:57748","uuid":{"uuid":{"$uuid":"7ce4a8e6-5340-4f79-ab0b-5658cc660df3"}},"connectionId":4,"connectionCount":4}}
{"t":{"$date":"2025-05-17T06:55:01.793+00:00"},"s":"I",  "c":"ACCESS",   "id":5286307, "ctx":"conn4","msg":"Failed to authenticate","attr":{"client":"10.188.1.78:57748","isSpeculative":false,"isClusterMember":false,"mechanism":"","user":"","db":"","error":"AuthenticationAbandoned: Authentication session abandoned, client has likely disconnected","result":337,"metrics":{"conversation_duration":{"micros":10045733,"summary":{}}},"extraInfo":{}}}
{"t":{"$date":"2025-05-17T06:55:01.792+00:00"},"s":"I",  "c":"NETWORK",  "id":22944,   "ctx":"conn6","msg":"Connection ended","attr":{"remote":"10.188.1.78:57750","uuid":{"uuid":{"$uuid":"32b66537-b9ff-4dad-a1c6-1609d87f20cd"}},"connectionId":6,"connectionCount":3}}
{"t":{"$date":"2025-05-17T06:55:01.793+00:00"},"s":"I",  "c":"ACCESS",   "id":5286307, "ctx":"conn6","msg":"Failed to authenticate","attr":{"client":"10.188.1.78:57750","isSpeculative":false,"isClusterMember":false,"mechanism":"","user":"","db":"","error":"AuthenticationAbandoned: Authentication session abandoned, client has likely disconnected","result":337,"metrics":{"conversation_duration":{"micros":10044566,"summary":{}}},"extraInfo":{}}}
{"t":{"$date":"2025-05-17T06:55:01.814+00:00"},"s":"I",  "c":"INITSYNC", "id":128423,  "ctx":"ReplCoordExtern-2","msg":"Starting initial sync attempt","attr":{"initialSyncAttempt":10,"initialSyncMaxAttempts":10}}
{"t":{"$date":"2025-05-17T06:55:01.814+00:00"},"s":"I",  "c":"REPL",     "id":3873107, "ctx":"ReplCoordExtern-2","msg":"Cannot select sync source because it is not readable","attr":{"syncSourceCandidate":"10.188.1.78:27017"}}
{"t":{"$date":"2025-05-17T06:55:01.814+00:00"},"s":"I",  "c":"REPL",     "id":21799,   "ctx":"ReplCoordExtern-2","msg":"Sync source candidate chosen","attr":{"syncSource":"10.188.1.61:27017"}}
{"t":{"$date":"2025-05-17T06:55:01.815+00:00"},"s":"I",  "c":"INITSYNC", "id":128433,  "ctx":"ReplCoordExtern-2","msg":"Initial syncer oplog truncation finished","attr":{"durationMillis":0}}
{"t":{"$date":"2025-05-17T06:55:01.815+00:00"},"s":"I",  "c":"STORAGE",  "id":4833200, "ctx":"ReplCoordExtern-2","msg":"About to abort all index builders running","attr":{"reason":"Aborting index builds for initial sync"}}
{"t":{"$date":"2025-05-17T06:55:01.815+00:00"},"s":"I",  "c":"REPL",     "id":21754,   "ctx":"ReplCoordExtern-2","msg":"dropReplicatedDatabases - dropping databases","attr":{"numDatabases":1}}
{"t":{"$date":"2025-05-17T06:55:01.815+00:00"},"s":"I",  "c":"REPL",     "id":21756,   "ctx":"ReplCoordExtern-2","msg":"dropReplicatedDatabases - dropped databases","attr":{"numDatabases":1}}
{"t":{"$date":"2025-05-17T06:55:01.818+00:00"},"s":"E",  "c":"INITSYNC", "id":128408,  "ctx":"ReplCoordExtern-2","msg":"Error fetching backup cursor entries","attr":{"error":"Location50917: Oplog rolled over while establishing the backup cursor."}}
{"t":{"$date":"2025-05-17T06:55:01.818+00:00"},"s":"I",  "c":"INITSYNC", "id":128440,  "ctx":"ReplCoordExtern-1","msg":"Initial sync attempt finishing up"}
{"t":{"$date":"2025-05-17T06:55:01.818+00:00"},"s":"I",  "c":"INITSYNC", "id":21192,   "ctx":"ReplCoordExtern-1","msg":"Initial sync status and statistics","attr":{"status":"failed","statistics":{"method":"fileCopyBased","failedInitialSyncAttempts":10,"maxFailedInitialSyncAttempts":10,"initialSyncStart":{"$date":"2025-05-17T06:54:51.746Z"},"totalInitialSyncElapsedMillis":10072,"initialSyncAttempts":[{"durationMillis":0,"status":"Location50917: Oplog rolled over while establishing the backup cursor.","syncSource":"10.188.1.61:27017","rollBackId":1,"operationsRetried":0,"totalTimeUnreachableMillis":0},{"durationMillis":0,"status":"Location50917: Oplog rolled over while establishing the backup cursor.","syncSource":"10.188.1.61:27017","rollBackId":1,"operationsRetried":0,"totalTimeUnreachableMillis":0},{"durationMillis":0,"status":"Location50917: Oplog rolled over while establishing the backup cursor.","syncSource":"10.188.1.61:27017","rollBackId":1,"operationsRetried":0,"totalTimeUnreachableMillis":0},{"durationMillis":0,"status":"Location50917: Oplog rolled over while establishing the backup cursor.","syncSource":"10.188.1.61:27017","rollBackId":1,"operationsRetried":0,"totalTimeUnreachableMillis":0},{"durationMillis":0,"status":"Location50917: Oplog rolled over while establishing the backup cursor.","syncSource":"10.188.1.61:27017","rollBackId":1,"operationsRetried":0,"totalTimeUnreachableMillis":0},{"durationMillis":0,"status":"Location50917: Oplog rolled over while establishing the backup cursor.","syncSource":"10.188.1.61:27017","rollBackId":1,"operationsRetried":0,"totalTimeUnreachableMillis":0},{"durationMillis":0,"status":"Location50917: Oplog rolled over while establishing the backup cursor.","syncSource":"10.188.1.61:27017","rollBackId":1,"operationsRetried":0,"totalTimeUnreachableMillis":0},{"durationMillis":0,"status":"Location50917: Oplog rolled over while establishing the backup cursor.","syncSource":"10.188.1.61:27017","rollBackId":1,"operationsRetried":0,"totalTimeUnreachableMillis":0},{"durationMillis":0,"status":"Location50917: Oplog rolled over while establishing the backup cursor.","syncSource":"10.188.1.61:27017","rollBackId":1,"operationsRetried":0,"totalTimeUnreachableMillis":0},{"durationMillis":0,"status":"Location50917: Oplog rolled over while establishing the backup cursor.","syncSource":"10.188.1.61:27017","rollBackId":1,"operationsRetried":0,"totalTimeUnreachableMillis":0}]}}}
{"t":{"$date":"2025-05-17T06:55:01.818+00:00"},"s":"E",  "c":"INITSYNC", "id":128442,  "ctx":"ReplCoordExtern-1","msg":"Initial sync attempt failed","attr":{"attemptsLeft":0,"error":"Location50917: Oplog rolled over while establishing the backup cursor."}}
{"t":{"$date":"2025-05-17T06:55:01.818+00:00"},"s":"F",  "c":"INITSYNC", "id":128443,  "ctx":"ReplCoordExtern-1","msg":"The maximum number of retries have been exhausted for initial sync"}
{"t":{"$date":"2025-05-17T06:55:01.818+00:00"},"s":"E",  "c":"REPL",     "id":21416,   "ctx":"ReplCoordExtern-1","msg":"Initial sync failed, shutting down now. Restart the server to attempt a new initial sync"}
{"t":{"$date":"2025-05-17T06:55:01.818+00:00"},"s":"F",  "c":"ASSERT",   "id":23095,   "ctx":"ReplCoordExtern-1","msg":"Fatal assertion","attr":{"msgid":40088,"error":"Location50917: Oplog rolled over while establishing the backup cursor.","file":"src/mongo/db/repl/replication_coordinator_impl.cpp","line":869}}
{"t":{"$date":"2025-05-17T06:55:01.818+00:00"},"s":"F",  "c":"ASSERT",   "id":23096,   "ctx":"ReplCoordExtern-1","msg":"\n\n***aborting after fassert() failure\n\n"}
